
> Configure project :app
ksp-2.0.0-1.0.24 is too old for kotlin-2.0.21. Please upgrade ksp or downgrade kotlin-gradle-plugin to 2.0.0.
ksp-2.0.0-1.0.24 is too old for kotlin-2.0.21. Please upgrade ksp or downgrade kotlin-gradle-plugin to 2.0.0.
ksp-2.0.0-1.0.24 is too old for kotlin-2.0.21. Please upgrade ksp or downgrade kotlin-gradle-plugin to 2.0.0.
ksp-2.0.0-1.0.24 is too old for kotlin-2.0.21. Please upgrade ksp or downgrade kotlin-gradle-plugin to 2.0.0.
ksp-2.0.0-1.0.24 is too old for kotlin-2.0.21. Please upgrade ksp or downgrade kotlin-gradle-plugin to 2.0.0.
ksp-2.0.0-1.0.24 is too old for kotlin-2.0.21. Please upgrade ksp or downgrade kotlin-gradle-plugin to 2.0.0.
ksp-2.0.0-1.0.24 is too old for kotlin-2.0.21. Please upgrade ksp or downgrade kotlin-gradle-plugin to 2.0.0.
ksp-2.0.0-1.0.24 is too old for kotlin-2.0.21. Please upgrade ksp or downgrade kotlin-gradle-plugin to 2.0.0.
ksp-2.0.0-1.0.24 is too old for kotlin-2.0.21. Please upgrade ksp or downgrade kotlin-gradle-plugin to 2.0.0.
ksp-2.0.0-1.0.24 is too old for kotlin-2.0.21. Please upgrade ksp or downgrade kotlin-gradle-plugin to 2.0.0.

> Task :app:checkKotlinGradlePluginConfigurationErrors SKIPPED
> Task :app:preBuild UP-TO-DATE
> Task :app:preDebugBuild UP-TO-DATE
> Task :app:generateDebugBuildConfig UP-TO-DATE
> Task :app:checkDebugAarMetadata UP-TO-DATE
> Task :app:processDebugNavigationResources UP-TO-DATE
> Task :app:compileDebugNavigationResources UP-TO-DATE
> Task :app:generateDebugResValues UP-TO-DATE
> Task :app:mapDebugSourceSetPaths UP-TO-DATE
> Task :app:generateDebugResources UP-TO-DATE
> Task :app:mergeDebugResources UP-TO-DATE
> Task :app:packageDebugResources UP-TO-DATE
> Task :app:parseDebugLocalResources UP-TO-DATE
> Task :app:createDebugCompatibleScreenManifests UP-TO-DATE
> Task :app:extractDeepLinksDebug UP-TO-DATE
> Task :app:processDebugMainManifest UP-TO-DATE
> Task :app:processDebugManifest UP-TO-DATE
> Task :app:processDebugManifestForPackage UP-TO-DATE
> Task :app:processDebugResources UP-TO-DATE
> Task :app:kspDebugKotlin UP-TO-DATE

> Task :app:compileDebugKotlin FAILED
e: file:///C:/Programming/NotesAppN/app/src/main/java/com/dmitryy/notesapp/ui/detail/NoteDetailActivity.kt:103:80 Unresolved reference 'export_note_as_pdf'.
e: file:///C:/Programming/NotesAppN/app/src/main/java/com/dmitryy/notesapp/ui/detail/NoteDetailActivity.kt:106:42 Unresolved reference 'export_pdf_failed'.
e: file:///C:/Programming/NotesAppN/app/src/main/java/com/dmitryy/notesapp/ui/detail/NoteDetailScreen.kt:70:99 Unresolved reference 'back'.
e: file:///C:/Programming/NotesAppN/app/src/main/java/com/dmitryy/notesapp/ui/detail/NoteDetailScreen.kt:76:95 Unresolved reference 'save'.
e: file:///C:/Programming/NotesAppN/app/src/main/java/com/dmitryy/notesapp/ui/detail/NoteDetailScreen.kt:87:74 Unresolved reference 'export_pdf'.
e: file:///C:/Programming/NotesAppN/app/src/main/java/com/dmitryy/notesapp/ui/detail/NoteDetailScreen.kt:122:54 Unresolved reference 'title_hint'.
e: file:///C:/Programming/NotesAppN/app/src/main/java/com/dmitryy/notesapp/ui/detail/NoteDetailScreen.kt:141:54 Unresolved reference 'content_hint'.
e: file:///C:/Programming/NotesAppN/app/src/main/java/com/dmitryy/notesapp/ui/detail/NoteDetailScreen.kt:158:46 Unresolved reference 'delete_note_title'.
e: file:///C:/Programming/NotesAppN/app/src/main/java/com/dmitryy/notesapp/ui/detail/NoteDetailScreen.kt:161:46 Unresolved reference 'delete_note_message'.
e: file:///C:/Programming/NotesAppN/app/src/main/java/com/dmitryy/notesapp/ui/detail/NoteDetailScreen.kt:177:50 Unresolved reference 'cancel'.
e: file:///C:/Programming/NotesAppN/app/src/main/java/com/dmitryy/notesapp/ui/login/LoginScreen.kt:97:64 Unresolved reference 'setup_passcode'.
e: file:///C:/Programming/NotesAppN/app/src/main/java/com/dmitryy/notesapp/ui/login/LoginScreen.kt:98:66 Unresolved reference 'confirm_passcode'.
e: file:///C:/Programming/NotesAppN/app/src/main/java/com/dmitryy/notesapp/ui/login/LoginScreen.kt:99:67 Unresolved reference 'enter_passcode'.
e: file:///C:/Programming/NotesAppN/app/src/main/java/com/dmitryy/notesapp/ui/login/LoginScreen.kt:110:48 Unresolved reference 'passcode_hint'.
e: file:///C:/Programming/NotesAppN/app/src/main/java/com/dmitryy/notesapp/ui/settings/SettingsActivity.kt:66:49 Unresolved reference 'cache_cleared'.
e: file:///C:/Programming/NotesAppN/app/src/main/java/com/dmitryy/notesapp/ui/settings/SettingsActivity.kt:71:49 Unresolved reference 'database_nuked'.
e: file:///C:/Programming/NotesAppN/app/src/main/java/com/dmitryy/notesapp/ui/settings/SettingsScreen.kt:62:99 Unresolved reference 'back'.
e: file:///C:/Programming/NotesAppN/app/src/main/java/com/dmitryy/notesapp/ui/settings/SettingsScreen.kt:94:52 Unresolved reference 'require_passcode'.
e: file:///C:/Programming/NotesAppN/app/src/main/java/com/dmitryy/notesapp/ui/settings/SettingsScreen.kt:113:46 Unresolved reference 'clear_cache'.
e: file:///C:/Programming/NotesAppN/app/src/main/java/com/dmitryy/notesapp/ui/settings/SettingsScreen.kt:127:46 Unresolved reference 'nuke_database'.
e: file:///C:/Programming/NotesAppN/app/src/main/java/com/dmitryy/notesapp/ui/settings/SettingsScreen.kt:137:46 Unresolved reference 'nuke_confirmation_title'.
e: file:///C:/Programming/NotesAppN/app/src/main/java/com/dmitryy/notesapp/ui/settings/SettingsScreen.kt:140:46 Unresolved reference 'nuke_confirmation_message'.
e: file:///C:/Programming/NotesAppN/app/src/main/java/com/dmitryy/notesapp/ui/settings/SettingsScreen.kt:149:50 Unresolved reference 'nuke_database'.
e: file:///C:/Programming/NotesAppN/app/src/main/java/com/dmitryy/notesapp/ui/settings/SettingsScreen.kt:156:50 Unresolved reference 'cancel'.

FAILURE: Build failed with an exception.

* What went wrong:
Execution failed for task ':app:compileDebugKotlin'.
> A failure occurred while executing org.jetbrains.kotlin.compilerRunner.GradleCompilerRunnerWithWorkers$GradleKotlinCompilerWorkAction
   > Compilation error. See log for more details

* Try:
> Run with --stacktrace option to get the stack trace.
> Run with --info or --debug option to get more log output.
> Run with --scan to get full insights.
> Get more help at https://help.gradle.org.

BUILD FAILED in 3s
18 actionable tasks: 1 executed, 17 up-to-date
