
> Configure project :app
ksp-2.0.0-1.0.24 is too old for kotlin-2.0.21. Please upgrade ksp or downgrade kotlin-gradle-plugin to 2.0.0.
ksp-2.0.0-1.0.24 is too old for kotlin-2.0.21. Please upgrade ksp or downgrade kotlin-gradle-plugin to 2.0.0.
ksp-2.0.0-1.0.24 is too old for kotlin-2.0.21. Please upgrade ksp or downgrade kotlin-gradle-plugin to 2.0.0.
ksp-2.0.0-1.0.24 is too old for kotlin-2.0.21. Please upgrade ksp or downgrade kotlin-gradle-plugin to 2.0.0.
ksp-2.0.0-1.0.24 is too old for kotlin-2.0.21. Please upgrade ksp or downgrade kotlin-gradle-plugin to 2.0.0.
ksp-2.0.0-1.0.24 is too old for kotlin-2.0.21. Please upgrade ksp or downgrade kotlin-gradle-plugin to 2.0.0.
ksp-2.0.0-1.0.24 is too old for kotlin-2.0.21. Please upgrade ksp or downgrade kotlin-gradle-plugin to 2.0.0.
ksp-2.0.0-1.0.24 is too old for kotlin-2.0.21. Please upgrade ksp or downgrade kotlin-gradle-plugin to 2.0.0.
ksp-2.0.0-1.0.24 is too old for kotlin-2.0.21. Please upgrade ksp or downgrade kotlin-gradle-plugin to 2.0.0.
ksp-2.0.0-1.0.24 is too old for kotlin-2.0.21. Please upgrade ksp or downgrade kotlin-gradle-plugin to 2.0.0.

> Task :app:checkKotlinGradlePluginConfigurationErrors SKIPPED
> Task :app:preBuild UP-TO-DATE
> Task :app:preDebugBuild UP-TO-DATE
> Task :app:generateDebugBuildConfig UP-TO-DATE
> Task :app:checkDebugAarMetadata UP-TO-DATE
> Task :app:processDebugNavigationResources UP-TO-DATE
> Task :app:compileDebugNavigationResources UP-TO-DATE
> Task :app:generateDebugResValues UP-TO-DATE
> Task :app:mapDebugSourceSetPaths UP-TO-DATE
> Task :app:generateDebugResources UP-TO-DATE
> Task :app:mergeDebugResources UP-TO-DATE
> Task :app:packageDebugResources UP-TO-DATE
> Task :app:parseDebugLocalResources UP-TO-DATE
> Task :app:createDebugCompatibleScreenManifests UP-TO-DATE
> Task :app:extractDeepLinksDebug UP-TO-DATE
> Task :app:processDebugMainManifest UP-TO-DATE
> Task :app:processDebugManifest UP-TO-DATE
> Task :app:processDebugManifestForPackage UP-TO-DATE
> Task :app:processDebugResources UP-TO-DATE
> Task :app:kspDebugKotlin UP-TO-DATE

> Task :app:compileDebugKotlin FAILED
e: file:///C:/Programming/NotesAppN/app/src/main/java/com/dmitryy/notesapp/ui/detail/NoteDetailActivity.kt:95:9 Unresolved reference 'ToastUtils'.
e: file:///C:/Programming/NotesAppN/app/src/main/java/com/dmitryy/notesapp/ui/list/NotesActivity.kt:39:21 Unresolved reference 'ToastUtils'.
e: file:///C:/Programming/NotesAppN/app/src/main/java/com/dmitryy/notesapp/ui/list/NotesActivity.kt:43:17 Unresolved reference 'ToastUtils'.
e: file:///C:/Programming/NotesAppN/app/src/main/java/com/dmitryy/notesapp/ui/list/NotesActivity.kt:132:9 Unresolved reference 'ToastUtils'.
e: file:///C:/Programming/NotesAppN/app/src/main/java/com/dmitryy/notesapp/ui/list/NotesActivity.kt:137:9 Unresolved reference 'ToastUtils'.
e: file:///C:/Programming/NotesAppN/app/src/main/java/com/dmitryy/notesapp/ui/list/NotesActivity.kt:147:13 Unresolved reference 'ToastUtils'.
e: file:///C:/Programming/NotesAppN/app/src/main/java/com/dmitryy/notesapp/ui/list/NotesActivity.kt:150:13 Unresolved reference 'ToastUtils'.
e: file:///C:/Programming/NotesAppN/app/src/main/java/com/dmitryy/notesapp/ui/login/LoginActivity.kt:88:9 Unresolved reference 'ToastUtils'.
e: file:///C:/Programming/NotesAppN/app/src/main/java/com/dmitryy/notesapp/ui/settings/SettingsActivity.kt:66:9 Unresolved reference 'ToastUtils'.
e: file:///C:/Programming/NotesAppN/app/src/main/java/com/dmitryy/notesapp/ui/settings/SettingsActivity.kt:71:9 Unresolved reference 'ToastUtils'.
e: file:///C:/Programming/NotesAppN/app/src/main/java/com/dmitryy/notesapp/ui/settings/SettingsActivity.kt:76:9 Unresolved reference 'ToastUtils'.
e: file:///C:/Programming/NotesAppN/app/src/main/java/com/dmitryy/notesapp/ui/trash/TrashBinActivity.kt:35:25 Unresolved reference 'ToastUtils'.
e: file:///C:/Programming/NotesAppN/app/src/main/java/com/dmitryy/notesapp/ui/trash/TrashBinActivity.kt:39:25 Unresolved reference 'ToastUtils'.
e: file:///C:/Programming/NotesAppN/app/src/main/java/com/dmitryy/notesapp/ui/trash/TrashBinActivity.kt:43:25 Unresolved reference 'ToastUtils'.
e: file:///C:/Programming/NotesAppN/app/src/main/java/com/dmitryy/notesapp/ui/trash/TrashBinActivity.kt:47:25 Unresolved reference 'ToastUtils'.
e: file:///C:/Programming/NotesAppN/app/src/main/java/com/dmitryy/notesapp/ui/trash/TrashBinActivity.kt:65:9 Unresolved reference 'ToastUtils'.
e: file:///C:/Programming/NotesAppN/app/src/main/java/com/dmitryy/notesapp/ui/trash/TrashBinActivity.kt:69:9 Unresolved reference 'ToastUtils'.

FAILURE: Build failed with an exception.

* What went wrong:
Execution failed for task ':app:compileDebugKotlin'.
> A failure occurred while executing org.jetbrains.kotlin.compilerRunner.GradleCompilerRunnerWithWorkers$GradleKotlinCompilerWorkAction
   > Compilation error. See log for more details

* Try:
> Run with --stacktrace option to get the stack trace.
> Run with --info or --debug option to get more log output.
> Run with --scan to get full insights.
> Get more help at https://help.gradle.org.

BUILD FAILED in 2s
18 actionable tasks: 1 executed, 17 up-to-date
