
> Configure project :app
ksp-2.0.0-1.0.24 is too old for kotlin-2.0.21. Please upgrade ksp or downgrade kotlin-gradle-plugin to 2.0.0.
ksp-2.0.0-1.0.24 is too old for kotlin-2.0.21. Please upgrade ksp or downgrade kotlin-gradle-plugin to 2.0.0.
ksp-2.0.0-1.0.24 is too old for kotlin-2.0.21. Please upgrade ksp or downgrade kotlin-gradle-plugin to 2.0.0.
ksp-2.0.0-1.0.24 is too old for kotlin-2.0.21. Please upgrade ksp or downgrade kotlin-gradle-plugin to 2.0.0.
ksp-2.0.0-1.0.24 is too old for kotlin-2.0.21. Please upgrade ksp or downgrade kotlin-gradle-plugin to 2.0.0.
ksp-2.0.0-1.0.24 is too old for kotlin-2.0.21. Please upgrade ksp or downgrade kotlin-gradle-plugin to 2.0.0.
ksp-2.0.0-1.0.24 is too old for kotlin-2.0.21. Please upgrade ksp or downgrade kotlin-gradle-plugin to 2.0.0.
ksp-2.0.0-1.0.24 is too old for kotlin-2.0.21. Please upgrade ksp or downgrade kotlin-gradle-plugin to 2.0.0.
ksp-2.0.0-1.0.24 is too old for kotlin-2.0.21. Please upgrade ksp or downgrade kotlin-gradle-plugin to 2.0.0.
ksp-2.0.0-1.0.24 is too old for kotlin-2.0.21. Please upgrade ksp or downgrade kotlin-gradle-plugin to 2.0.0.

> Task :app:checkKotlinGradlePluginConfigurationErrors SKIPPED
> Task :app:preBuild UP-TO-DATE
> Task :app:preDebugBuild UP-TO-DATE
> Task :app:generateDebugBuildConfig UP-TO-DATE
> Task :app:checkDebugAarMetadata UP-TO-DATE
> Task :app:processDebugNavigationResources UP-TO-DATE
> Task :app:compileDebugNavigationResources UP-TO-DATE
> Task :app:generateDebugResValues UP-TO-DATE
> Task :app:mapDebugSourceSetPaths UP-TO-DATE
> Task :app:generateDebugResources UP-TO-DATE
> Task :app:mergeDebugResources UP-TO-DATE
> Task :app:packageDebugResources UP-TO-DATE
> Task :app:parseDebugLocalResources UP-TO-DATE
> Task :app:createDebugCompatibleScreenManifests UP-TO-DATE
> Task :app:extractDeepLinksDebug UP-TO-DATE
> Task :app:processDebugMainManifest UP-TO-DATE
> Task :app:processDebugManifest UP-TO-DATE
> Task :app:processDebugManifestForPackage UP-TO-DATE
> Task :app:processDebugResources UP-TO-DATE

> Task :app:kspDebugKotlin FAILED
w: [ksp] C:/Programming/NotesAppN/app/src/main/java/com/dmitryy/notesapp/data/AppDatabase.kt:7: Schema export directory was not provided to the annotation processor so Room cannot export the schema. You can either provide `room.schemaLocation` annotation processor argument by applying the Room Gradle plugin (id 'androidx.room') OR set exportSchema to false.
e: file:///C:/Programming/NotesAppN/app/src/main/java/com/dmitryy/notesapp/ui/list/NotesListScreen.kt:101:25 Expecting an element
e: file:///C:/Programming/NotesAppN/app/src/main/java/com/dmitryy/notesapp/ui/list/NotesListScreen.kt:102:22 Expecting ')'
e: file:///C:/Programming/NotesAppN/app/src/main/java/com/dmitryy/notesapp/ui/list/NotesListScreen.kt:103:18 Unexpected tokens (use ';' to separate expressions on the same line)
e: file:///C:/Programming/NotesAppN/app/src/main/java/com/dmitryy/notesapp/ui/list/NotesListScreen.kt:107:13 Expecting an element
e: file:///C:/Programming/NotesAppN/app/src/main/java/com/dmitryy/notesapp/ui/list/NotesListScreen.kt:229:2 Expecting ','
e: file:///C:/Programming/NotesAppN/app/src/main/java/com/dmitryy/notesapp/ui/list/NotesListScreen.kt:270:2 Expecting ')'

FAILURE: Build failed with an exception.

* What went wrong:
Execution failed for task ':app:kspDebugKotlin'.
> A failure occurred while executing org.jetbrains.kotlin.compilerRunner.GradleCompilerRunnerWithWorkers$GradleKotlinCompilerWorkAction
   > Compilation error. See log for more details

* Try:
> Run with --stacktrace option to get the stack trace.
> Run with --info or --debug option to get more log output.
> Run with --scan to get full insights.
> Get more help at https://help.gradle.org.

BUILD FAILED in 3s
17 actionable tasks: 1 executed, 16 up-to-date
